2021-01-27T22:14:09.045 INFO (pid:64911) [services] - registered service "languageserver.elmLS"
2021-01-27T22:14:09.046 INFO (pid:64911) [services] - registered service "languageserver.intelephense"
2021-01-27T22:14:09.299 INFO (pid:64911) [plugin] - coc.nvim 0.0.79-437fdaadab initialized with node: v14.15.4 after 322ms
2021-01-27T22:14:23.521 INFO (pid:64911) [completion-complete] - Results from: around,snippets
2021-01-27T22:14:37.137 INFO (pid:64911) [completion-complete] - Results from: around,snippets
2021-01-27T22:14:39.332 INFO (pid:64911) [completion-complete] - Results from: around,snippets
2021-01-27T22:14:39.345 INFO (pid:64911) [completion-complete] - Results from: around,snippets
2021-01-27T22:14:40.266 INFO (pid:64911) [completion-complete] - Results from: around,snippets
2021-01-27T22:14:42.145 INFO (pid:64911) [completion-complete] - Results from: around,snippets
2021-01-27T22:14:42.548 INFO (pid:64911) [completion-complete] - Results from: around,snippets
2021-01-27T22:14:42.937 INFO (pid:64911) [completion-complete] - Results from: around,snippets
2021-01-27T22:14:43.330 INFO (pid:64911) [completion-complete] - Results from: around,snippets
2021-01-27T22:14:43.889 INFO (pid:64911) [completion-complete] - Results from: around,snippets
2021-01-27T22:14:44.674 INFO (pid:64911) [completion-complete] - Results from: around,snippets
2021-01-27T22:15:06.952 INFO (pid:64911) [completion-complete] - Results from: around,snippets
2021-01-27T22:15:37.444 INFO (pid:64911) [completion-complete] - Results from: around,snippets
2021-01-27T22:15:39.686 INFO (pid:64911) [completion-complete] - Results from: around,snippets
2021-01-27T22:15:40.164 INFO (pid:64911) [completion-complete] - Results from: around,snippets
2021-01-27T22:15:40.347 INFO (pid:64911) [completion-complete] - Results from: around,snippets
2021-01-27T22:15:40.432 INFO (pid:64911) [completion-complete] - Results from: around,snippets
2021-01-27T22:15:40.507 INFO (pid:64911) [completion-complete] - Results from: around,snippets
2021-01-27T22:15:42.703 INFO (pid:64911) [completion-complete] - Results from: around,snippets
2021-01-27T22:15:43.401 INFO (pid:64911) [completion-complete] - Results from: around,snippets
2021-01-27T22:15:44.469 INFO (pid:64911) [completion-complete] - Results from: around,snippets
2021-01-27T22:15:44.980 INFO (pid:64911) [completion-complete] - Results from: around,snippets
2021-01-27T22:15:45.421 INFO (pid:64911) [completion-complete] - Results from: around,snippets
2021-01-27T22:15:45.545 INFO (pid:64911) [completion-complete] - Results from: around,snippets
2021-01-27T22:15:45.787 INFO (pid:64911) [completion-complete] - Results from: around,snippets
2021-01-27T22:15:46.647 INFO (pid:64911) [completion-complete] - Results from: around,snippets
2021-01-27T22:15:46.820 INFO (pid:64911) [completion-complete] - Results from: around,snippets
2021-01-27T22:15:46.911 INFO (pid:64911) [completion-complete] - Results from: around,snippets
2021-01-27T22:15:47.506 INFO (pid:64911) [completion-complete] - Results from: around,snippets
2021-01-27T22:15:47.860 INFO (pid:64911) [completion-complete] - Results from: around,snippets
2021-01-27T22:16:48.642 INFO (pid:64911) [completion-complete] - Results from: around,snippets
2021-01-27T22:16:49.856 INFO (pid:64911) [completion-complete] - Results from: around,snippets
2021-01-27T22:16:50.318 INFO (pid:64911) [completion-complete] - Results from: around,snippets
2021-01-27T22:16:50.764 INFO (pid:64911) [completion-complete] - Results from: around,snippets
2021-01-27T22:16:50.972 INFO (pid:64911) [completion-complete] - Results from: around,snippets
2021-01-27T22:16:51.062 INFO (pid:64911) [completion-complete] - Results from: around,snippets
2021-01-27T22:16:52.234 INFO (pid:64911) [completion-complete] - Results from: around,snippets
2021-01-27T22:16:54.615 INFO (pid:64911) [completion-complete] - Results from: around,snippets
2021-01-27T22:17:29.794 INFO (pid:64911) [completion-complete] - Results from: around,snippets
2021-01-27T22:17:38.136 INFO (pid:64911) [completion-complete] - Results from: around,snippets
2021-01-27T22:17:38.950 INFO (pid:64911) [completion-complete] - Results from: around,snippets
2021-01-27T22:17:40.296 INFO (pid:64911) [completion-complete] - Results from: around,snippets
2021-01-27T22:17:47.082 INFO (pid:64911) [completion-complete] - Results from: around,snippets
2021-01-27T22:17:59.239 INFO (pid:64911) [completion-complete] - Results from: around,snippets
2021-01-27T22:17:59.731 INFO (pid:64911) [completion-complete] - Results from: around,snippets
2021-01-27T22:19:32.800 INFO (pid:64911) [completion-complete] - Results from: around,snippets
2021-01-27T22:21:04.030 INFO (pid:64911) [completion-complete] - Results from: around,snippets
2021-01-27T22:22:09.301 INFO (pid:64911) [completion-complete] - Results from: around,snippets
2021-01-27T22:22:11.302 INFO (pid:64911) [completion-complete] - Results from: around,snippets
2021-01-27T22:22:13.041 INFO (pid:64911) [completion-complete] - Results from: around,snippets
2021-01-27T22:22:14.038 INFO (pid:64911) [completion-complete] - Results from: around,snippets
2021-01-27T22:22:15.201 INFO (pid:64911) [completion-complete] - Results from: around,snippets
2021-01-27T22:22:15.585 INFO (pid:64911) [completion-complete] - Results from: around,snippets
2021-01-27T22:22:15.954 INFO (pid:64911) [completion-complete] - Results from: around,snippets
2021-01-27T22:22:31.389 INFO (pid:64911) [completion-complete] - Results from: around,buffer,snippets
2021-01-27T22:22:33.161 INFO (pid:64911) [completion-complete] - Results from: around,buffer,snippets
2021-01-27T22:22:34.369 INFO (pid:64911) [completion-complete] - Results from: around,buffer,snippets
2021-01-27T22:22:34.583 INFO (pid:64911) [completion-complete] - Results from: around,buffer,snippets
2021-01-27T22:22:35.462 INFO (pid:64911) [completion-complete] - Results from: around,buffer,snippets
2021-01-27T22:22:35.742 INFO (pid:64911) [completion-complete] - Results from: around,buffer,snippets
2021-01-27T22:22:36.404 INFO (pid:64911) [completion-complete] - Results from: around,buffer,snippets
2021-01-27T22:22:36.869 INFO (pid:64911) [completion-complete] - Results from: around,buffer,snippets
2021-01-27T22:22:37.071 INFO (pid:64911) [completion-complete] - Results from: around,buffer,snippets
2021-01-27T22:22:37.151 INFO (pid:64911) [completion-complete] - Results from: around,buffer,snippets
